<?xml version="1.0" encoding="UTF-8"?>
<testsuite name="MessageTest" skipped="0" failures="0" errors="0" tests="5" assertions="5" time="0.02185299999837298">
  <testcase name="test_user_association_must_be_present" classname="MessageTest" assertions="1" time="0.010383999997429783">
  </testcase>
  <testcase name="test_content_should_be_present" classname="MessageTest" assertions="1" time="0.0035750000024563633">
  </testcase>
  <testcase name="test_first_message_should_be_valid" classname="MessageTest" assertions="1" time="0.002714000002015382">
  </testcase>
  <testcase name="test_content_should_be_no_longer_than_140_characters" classname="MessageTest" assertions="1" time="0.0029349999967962503">
  </testcase>
  <testcase name="test_recipient_association_must_be_present" classname="MessageTest" assertions="1" time="0.0022449999996752013">
  </testcase>
</testsuite>
