<?xml version="1.0" encoding="UTF-8"?>
<testsuite name="RecipientTest" skipped="0" failures="0" errors="0" tests="13" assertions="25" time="0.4119899999932386">
  <testcase name="test_email_validation_should_reject_invalid_addresses" classname="RecipientTest" assertions="5" time="0.3714570000011008">
  </testcase>
  <testcase name="test_name_should_be_present" classname="RecipientTest" assertions="1" time="0.002914999997301493">
  </testcase>
  <testcase name="test_email_should_be_no_longer_than_255_characters" classname="RecipientTest" assertions="1" time="0.0025759999989531934">
  </testcase>
  <testcase name="test_email_should_be_present" classname="RecipientTest" assertions="1" time="0.0027129999980388675">
  </testcase>
  <testcase name="test_twitter_and_facebook_ids_are_optional" classname="RecipientTest" assertions="1" time="0.0022009999993315432">
  </testcase>
  <testcase name="test_user_association_must_be_present" classname="RecipientTest" assertions="1" time="0.001715999998850748">
  </testcase>
  <testcase name="test_twitter_handle_should_be_no_longer_than_15_characters" classname="RecipientTest" assertions="1" time="0.002829000000929227">
  </testcase>
  <testcase name="test_email_addresses_should_be_saved_as_lower_case" classname="RecipientTest" assertions="1" time="0.00493099999948754">
  </testcase>
  <testcase name="test_phone_validation_should_accept_valid_phone_numbers" classname="RecipientTest" assertions="3" time="0.0054180000006454065">
  </testcase>
  <testcase name="test_name_should_be_no_longer_than_25_characters" classname="RecipientTest" assertions="1" time="0.0038759999988542404">
  </testcase>
  <testcase name="test_phone_validation_should_reject_invalid_phone_numbers" classname="RecipientTest" assertions="3" time="0.004297999999835156">
  </testcase>
  <testcase name="test_email_validation_should_accept_valid_addresses" classname="RecipientTest" assertions="5" time="0.004442999997991137">
  </testcase>
  <testcase name="test_phone_number_should_be_present" classname="RecipientTest" assertions="1" time="0.002617000001919223">
  </testcase>
</testsuite>
