<?xml version="1.0" encoding="UTF-8"?>
<testsuite name="DemoWuphfTest" skipped="0" failures="0" errors="0" tests="15" assertions="27" time="0.034140000003390014">
  <testcase name="test_email_validation_should_reject_invalid_addresses" classname="DemoWuphfTest" assertions="5" time="0.00754899999810732">
  </testcase>
  <testcase name="test_phone_validation_should_reject_invalid_phone_numbers" classname="DemoWuphfTest" assertions="3" time="0.0023900000014691614">
  </testcase>
  <testcase name="test_email_should_be_no_longer_than_255_characters" classname="DemoWuphfTest" assertions="1" time="0.0015539999985776376">
  </testcase>
  <testcase name="test_twitter_handle_should_be_no_longer_than_15_characters" classname="DemoWuphfTest" assertions="1" time="0.0018419999978505075">
  </testcase>
  <testcase name="test_to_name_should_be_present" classname="DemoWuphfTest" assertions="1" time="0.0017850000003818423">
  </testcase>
  <testcase name="test_email_should_be_present" classname="DemoWuphfTest" assertions="1" time="0.0018370000034337863">
  </testcase>
  <testcase name="test_from_name_should_be_present" classname="DemoWuphfTest" assertions="1" time="0.001494000000093365">
  </testcase>
  <testcase name="test_twitter_handle_should_exist" classname="DemoWuphfTest" assertions="1" time="0.0014779999983147718">
  </testcase>
  <testcase name="test_message_should_be_present" classname="DemoWuphfTest" assertions="1" time="0.0017000000007101335">
  </testcase>
  <testcase name="test_phone_number_should_be_present" classname="DemoWuphfTest" assertions="1" time="0.0017580000021553133">
  </testcase>
  <testcase name="test_message_should_be_no_longer_than_140_characters" classname="DemoWuphfTest" assertions="1" time="0.001728000002913177">
  </testcase>
  <testcase name="test_demo_wuphf_should_be_valid" classname="DemoWuphfTest" assertions="1" time="0.0013030000009166542">
  </testcase>
  <testcase name="test_email_addresses_should_be_saved_as_lower_case" classname="DemoWuphfTest" assertions="1" time="0.0034809999997378327">
  </testcase>
  <testcase name="test_phone_validation_should_accept_valid_phone_numbers" classname="DemoWuphfTest" assertions="3" time="0.0014479999990726355">
  </testcase>
  <testcase name="test_email_validation_should_accept_valid_addresses" classname="DemoWuphfTest" assertions="5" time="0.0027929999996558763">
  </testcase>
</testsuite>
